#batteryCapacity:6000;;
#steerLimits:0;;
#kl:30;;
#instant:1;;
#battery:1;;
#imu:1;;
#resourceMonitor:1;;
#brake:0;;
#kl:30;;
#instant:1;;
#battery:1;;
#imu:1;;
#resourceMonitor:1;;
#steer:0;;
#speed:150;;
#steer:130;;
#steer:80;;
#steer:70;;
#steer:80;;
#steer:90;;
#steer:70;;
#steer:50;;
#steer:-60;;
#steer:0;;
#steer:100;;
#steer:0;;
#steer:100;;
#steer:0;;
#steer:50;;
#steer:40;;
#steer:50;;
#steer:30;;
#steer:60;;
#steer:40;;
#steer:-70;;
#steer:10;;
#steer:-60;;
#steer:-40;;
#steer:-50;;
#steer:-190;;
#steer:-250;;
#steer:-240;;
#steer:-250;;
#steer:-200;;
#steer:-250;;
#steer:-220;;
#steer:-240;;
#steer:-250;;
#steer:-190;;
#steer:-70;;
#steer:20;;
#steer:-60;;
#steer:-90;;
#steer:-40;;
#steer:-70;;
#steer:-40;;
#steer:-120;;
#steer:-170;;
#steer:-200;;
#steer:-220;;
#steer:-210;;
#steer:-140;;
#steer:-150;;
#steer:-170;;
#steer:-180;;
#steer:-170;;
#steer:-160;;
#steer:-180;;
#steer:-190;;
#steer:-200;;
#steer:-190;;
#steer:-170;;
#steer:-200;;
#steer:-160;;
#steer:-220;;
#steer:-250;;
#steer:-220;;
#steer:-250;;
#steer:-220;;
#steer:-250;;
#steer:-60;;
#steer:-80;;
#steer:-60;;
#steer:0;;
#steer:20;;
#steer:60;;
#steer:-10;;
#steer:-120;;
#steer:-140;;
#steer:30;;
#steer:-60;;
#steer:20;;
#steer:40;;
#steer:-10;;
#steer:-50;;
#steer:-10;;
#steer:10;;
#steer:-60;;
#steer:-50;;
#steer:-30;;
#steer:-80;;
#steer:-40;;
#steer:-80;;
#steer:-100;;
#steer:-70;;
#steer:50;;
#steer:-40;;
#steer:50;;
#steer:-110;;
#steer:-100;;
#steer:-90;;
#steer:-100;;
#steer:-80;;
#steer:-90;;
#steer:-40;;
#steer:-60;;
#steer:-150;;
#steer:-70;;
#steer:-60;;
#steer:-40;;
#steer:-10;;
#steer:-110;;
#steer:-60;;
#steer:-20;;
#steer:-110;;
#steer:10;;
#steer:-70;;
#steer:-50;;
#steer:-70;;
#steer:-20;;
#steer:-100;;
#steer:-110;;
#steer:-80;;
#steer:-90;;
#steer:-150;;
#steer:-80;;
#steer:20;;
#steer:60;;
#steer:10;;
#steer:-10;;
#steer:20;;
#steer:30;;
#steer:20;;
#steer:60;;
#steer:200;;
#steer:90;;
#steer:-50;;
#steer:-60;;
#steer:-20;;
#steer:-80;;
#steer:-50;;
#steer:-80;;
#steer:0;;
#steer:-80;;
#steer:-120;;
#steer:50;;
#steer:-70;;
#steer:10;;
#steer:-10;;
#steer:50;;
#steer:60;;
#steer:-90;;
#steer:-40;;
#steer:-50;;
#steer:0;;
#steer:-70;;
#steer:-80;;
#steer:-70;;
#steer:50;;
#steer:30;;
#steer:-70;;
#steer:-80;;
#steer:-20;;
#steer:-80;;
#steer:-60;;
#steer:-40;;
#steer:-90;;
#steer:-80;;
#steer:-20;;
#steer:0;;
#steer:-10;;
#steer:-20;;
#steer:-50;;
#steer:-40;;
#steer:-60;;
#steer:-30;;
#steer:-50;;
#steer:-70;;
#steer:-90;;
#steer:-70;;
#steer:-80;;
#steer:-90;;
#steer:-60;;
#steer:30;;
#steer:-30;;
#steer:-80;;
#steer:-10;;
#steer:-70;;
#steer:-10;;
#steer:-40;;
#steer:-50;;
#steer:-70;;
#steer:-80;;
#steer:-50;;
#steer:70;;
#steer:90;;
#steer:-10;;
#steer:0;;
#steer:10;;
#steer:0;;
#steer:-90;;
#steer:250;;
#steer:-30;;
#steer:-20;;
#steer:0;;
#steer:80;;
#steer:40;;
#steer:0;;
#steer:-10;;
#steer:-80;;
#steer:-90;;
#steer:-130;;
#steer:-50;;
#steer:0;;
#steer:10;;
#steer:90;;
#steer:130;;
#steer:50;;
#steer:60;;
#steer:80;;
#steer:60;;
#steer:100;;
#steer:80;;
#steer:60;;
#steer:30;;
#steer:60;;
#steer:40;;
#steer:80;;
#steer:210;;
#steer:230;;
#steer:250;;
#steer:220;;
#steer:50;;
#steer:30;;
#steer:120;;
#steer:10;;
#steer:70;;
#steer:170;;
#steer:250;;
#steer:140;;
#steer:-250;;
#steer:170;;
#steer:-250;;
#steer:90;;
#steer:0;;
#steer:250;;
#steer:140;;
#steer:190;;
#steer:-250;;
#steer:90;;
#steer:-250;;
#steer:-70;;
#steer:-100;;
#steer:250;;
#steer:50;;
#steer:-250;;
#steer:-100;;
#steer:250;;
#steer:40;;
#steer:-250;;
#steer:-80;;
#steer:-210;;
#steer:-250;;
#steer:130;;
#steer:-160;;
#steer:-250;;
#steer:250;;
#steer:-210;;
#steer:-150;;
#steer:-250;;
#steer:250;;
#steer:-110;;
#steer:130;;
#steer:250;;
#steer:-40;;
#steer:-110;;
#steer:250;;
#steer:130;;
#steer:-120;;
#steer:-250;;
#steer:250;;
#steer:40;;
#steer:250;;
#steer:90;;
#steer:150;;
#steer:100;;
#steer:-180;;
#steer:50;;
#steer:250;;
#steer:-250;;
#steer:110;;
#steer:30;;
#steer:100;;
#steer:250;;
#steer:-250;;
#steer:120;;
#steer:250;;
#steer:230;;
#steer:-250;;
#steer:40;;
#steer:250;;
#steer:110;;
#steer:250;;
#steer:-90;;
#steer:250;;
#steer:-250;;
#steer:250;;
#steer:-250;;
#steer:250;;
#steer:-250;;
#steer:250;;
#steer:-250;;
#steer:250;;
#steer:-250;;
#steer:-240;;
#steer:250;;
#steer:-250;;
#steer:250;;
#steer:150;;
#steer:250;;
#speed:0;;
#speed:150;;
#steer:-100;;
#steer:-90;;
#steer:-100;;
#steer:250;;
#steer:80;;
#steer:-140;;
#steer:-20;;
#steer:40;;
#steer:-30;;
#steer:-250;;
#steer:150;;
#steer:70;;
#steer:-40;;
#steer:250;;
#steer:120;;
#steer:160;;
#steer:130;;
#steer:60;;
#steer:90;;
#steer:-130;;
#steer:50;;
#steer:30;;
#steer:50;;
#steer:10;;
#steer:90;;
#steer:-250;;
#steer:250;;
#steer:160;;
#steer:-60;;
#steer:100;;
#steer:-90;;
#steer:-10;;
#steer:-150;;
#steer:-140;;
#steer:-150;;
#steer:-140;;
#steer:-250;;
#steer:-180;;
#steer:-90;;
#steer:90;;
#steer:-60;;
#steer:-250;;
#steer:-120;;
#steer:-90;;
#steer:-50;;
#steer:170;;
#steer:-10;;
#steer:-130;;
#steer:-30;;
#steer:-110;;
#steer:-40;;
#steer:10;;
#steer:-30;;
#steer:-80;;
#steer:-60;;
#steer:-250;;
#steer:250;;
#steer:-50;;
#steer:-70;;
#steer:-60;;
#steer:250;;
#steer:220;;
#steer:250;;
#steer:-250;;
#steer:-150;;
#steer:-250;;
#steer:-190;;
#steer:250;;
#steer:10;;
#steer:-230;;
#steer:-50;;
#steer:-250;;
#steer:-120;;
#steer:250;;
#steer:-60;;
#steer:110;;
#steer:20;;
#steer:60;;
#steer:20;;
#steer:-100;;
#steer:0;;
#steer:-10;;
#steer:-20;;
#steer:-60;;
#steer:-10;;
#steer:-70;;
#steer:-20;;
#steer:70;;
#steer:10;;
#steer:-20;;
#steer:0;;
#steer:-140;;
#steer:-30;;
#steer:-70;;
#steer:-40;;
#steer:-20;;
#steer:-40;;
#steer:-80;;
#steer:-60;;
#steer:-40;;
#steer:-60;;
#steer:60;;
#steer:-40;;
#steer:250;;
#steer:30;;
#steer:-250;;
#steer:40;;
#steer:250;;
#steer:-30;;
#steer:-250;;
#steer:-90;;
#steer:100;;
#steer:-10;;
#steer:30;;
#steer:0;;
#steer:40;;
#steer:-10;;
#steer:30;;
#steer:50;;
#steer:20;;
#steer:140;;
#steer:70;;
#steer:0;;
#steer:250;;
#steer:130;;
#steer:100;;
#steer:60;;
#steer:90;;
#steer:70;;
#steer:80;;
#steer:250;;
#steer:-250;;
#steer:80;;
#steer:50;;
#steer:80;;
#steer:100;;
#steer:130;;
#steer:-250;;
#steer:-80;;
#steer:150;;
#steer:40;;
#steer:250;;
#steer:200;;
#steer:140;;
#steer:190;;
#steer:160;;
#steer:180;;
#steer:150;;
#steer:170;;
#steer:160;;
#steer:170;;
#steer:230;;
#steer:180;;
#steer:70;;
#steer:110;;
#steer:130;;
#steer:120;;
#steer:250;;
#steer:160;;
#steer:140;;
#steer:150;;
#steer:220;;
#steer:250;;
#steer:-250;;
#steer:100;;
#steer:-210;;
#steer:30;;
#steer:-50;;
#steer:250;;
#steer:130;;
#steer:250;;
#steer:-250;;
#steer:170;;
#steer:250;;
#steer:-90;;
#steer:-250;;
#steer:-240;;
#steer:-250;;
#steer:-150;;
#steer:-220;;
#steer:-110;;
#steer:-210;;
#steer:-220;;
#steer:-140;;
#steer:-210;;
#steer:130;;
#steer:-150;;
#steer:-250;;
#steer:-160;;
#steer:-100;;
#steer:-130;;
#steer:-140;;
#steer:-80;;
#steer:-110;;
#steer:120;;
#steer:-80;;
#steer:-10;;
#steer:-60;;
#steer:40;;
#steer:-40;;
#steer:-20;;
#steer:-40;;
#steer:-20;;
#steer:80;;
#steer:30;;
#steer:-70;;
#steer:0;;
#steer:100;;
#steer:20;;
#steer:60;;
#steer:40;;
#steer:250;;
#steer:80;;
#steer:50;;
#steer:70;;
#steer:80;;
#steer:60;;
#steer:-180;;
#steer:30;;
#steer:-160;;
#steer:-10;;
#steer:80;;
#steer:-10;;
#steer:-90;;
#steer:0;;
#steer:20;;
#steer:-10;;
#steer:0;;
#steer:-20;;
#steer:0;;
#steer:-10;;
#steer:-70;;
#steer:0;;
#steer:130;;
#steer:40;;
#steer:80;;
#steer:140;;
#steer:70;;
#steer:-50;;
#steer:-30;;
#steer:-100;;
#steer:-60;;
#steer:190;;
#steer:-70;;
#steer:-20;;
#steer:30;;
#steer:0;;
#steer:60;;
#steer:-210;;
#steer:0;;
#steer:-250;;
#steer:-180;;
#steer:-110;;
#steer:-200;;
#steer:-150;;
#steer:-190;;
#steer:250;;
#steer:-120;;
#steer:-60;;
#steer:60;;
#steer:-40;;
#steer:250;;
#steer:60;;
#steer:250;;
#steer:120;;
#steer:130;;
#steer:120;;
#steer:-250;;
#steer:-80;;
#steer:250;;
#steer:120;;
#steer:-250;;
#steer:-80;;
#steer:250;;
#steer:120;;
#steer:-250;;
#steer:10;;
#steer:250;;
#steer:30;;
#steer:100;;
#steer:30;;
#steer:10;;
#steer:30;;
#steer:140;;
#steer:90;;
#steer:-40;;
#steer:30;;
#steer:-100;;
#steer:0;;
#steer:250;;
#steer:70;;
#steer:-60;;
#steer:30;;
#steer:40;;
#steer:-170;;
#steer:0;;
#steer:-150;;
#steer:-30;;
#steer:250;;
#steer:40;;
#steer:-250;;
#steer:-40;;
#steer:190;;
#steer:10;;
#steer:-80;;
#steer:-10;;
#steer:40;;
#steer:0;;
#steer:240;;
#steer:110;;
#steer:170;;
#steer:160;;
#steer:250;;
#steer:180;;
#steer:140;;
#steer:250;;
#steer:-80;;
#steer:230;;
#steer:-250;;
#steer:250;;
#steer:100;;
#steer:-250;;
#steer:-150;;
#steer:0;;
#steer:-130;;
#steer:250;;
#steer:180;;
#steer:-250;;
#steer:140;;
#steer:250;;
#steer:230;;
#steer:250;;
#steer:-250;;
#steer:190;;
#steer:160;;
#steer:180;;
#steer:250;;
#steer:-240;;
#steer:250;;
#steer:220;;
#steer:250;;
#steer:-250;;
#steer:250;;
#steer:-250;;
#steer:80;;
#steer:-240;;
#steer:-100;;
#steer:-130;;
#steer:-100;;
#steer:-160;;
#steer:-120;;
#steer:-90;;
#steer:-110;;
#steer:-120;;
#steer:-110;;
#steer:-80;;
#steer:-90;;
#steer:-20;;
#steer:-70;;
#steer:-30;;
#steer:-50;;
#steer:-40;;
#steer:-50;;
#steer:-20;;
#steer:-40;;
#steer:-20;;
#steer:-40;;
#steer:-80;;
#steer:-40;;
#steer:-50;;
#steer:-40;;
#steer:60;;
#steer:-20;;
#steer:20;;
#steer:-10;;
#steer:20;;
#steer:0;;
#steer:20;;
#steer:0;;
#steer:-10;;
#steer:0;;
#steer:-90;;
#steer:-20;;
#steer:-60;;
#steer:-20;;
#steer:30;;
#steer:-20;;
#steer:10;;
#steer:-10;;
#steer:-40;;
#steer:-20;;
#steer:60;;
#steer:0;;
#steer:-20;;
#steer:0;;
#steer:80;;
#steer:10;;
#steer:50;;
#steer:20;;
#steer:120;;
#steer:70;;
#steer:250;;
#steer:120;;
#steer:-250;;
#steer:-20;;
#steer:60;;
#steer:-40;;
#steer:-250;;
#steer:-130;;
#steer:250;;
#steer:80;;
#steer:140;;
#steer:40;;
#steer:-250;;
#steer:250;;
#steer:30;;
#steer:250;;
#steer:220;;
#steer:-250;;
#steer:50;;
#steer:-250;;
#steer:-90;;
#steer:250;;
#steer:-50;;
#steer:-250;;
#steer:130;;
#steer:250;;
#steer:60;;
#steer:-250;;
#steer:190;;
#steer:250;;
#steer:240;;
#steer:250;;
#steer:-220;;
#steer:250;;
#steer:-250;;
#steer:250;;
#steer:140;;
#steer:250;;
#steer:10;;
#steer:230;;
#steer:250;;
#steer:200;;
#steer:120;;
#steer:200;;
#steer:100;;
#steer:-250;;
#steer:-40;;
#steer:140;;
#steer:60;;
#steer:240;;
#steer:50;;
#steer:250;;
#steer:210;;
#steer:-250;;
#steer:110;;
#steer:250;;
#steer:-250;;
#steer:250;;
#steer:-250;;
#steer:250;;
#steer:-250;;
#steer:-20;;
#steer:250;;
#steer:120;;
#steer:250;;
#steer:-250;;
#steer:250;;
#steer:-250;;
#steer:250;;
#steer:160;;
#steer:250;;
#steer:-170;;
#steer:250;;
#steer:-120;;
#steer:250;;
#steer:-250;;
#steer:-120;;
#steer:250;;
#steer:-110;;
#steer:40;;
#steer:240;;
#steer:220;;
#steer:230;;
#steer:250;;
#steer:210;;
#steer:250;;
#steer:230;;
#steer:250;;
#steer:200;;
#steer:250;;
#steer:160;;
#steer:250;;
#steer:200;;
#steer:60;;
#steer:-250;;
#steer:-150;;
#steer:-120;;
#steer:-160;;
#steer:-120;;
#steer:90;;
#steer:0;;
#steer:250;;
#steer:100;;
#steer:30;;
#steer:80;;
#steer:-50;;
#steer:0;;
#steer:-120;;
#steer:-40;;
#steer:-130;;
#steer:-40;;
#steer:-90;;
#steer:-30;;
#steer:-10;;
#steer:-40;;
#steer:0;;
#steer:-40;;
#steer:-230;;
#steer:-50;;
#steer:-80;;
#steer:-60;;
#steer:-150;;
#steer:-90;;
#steer:-110;;
#steer:-80;;
#steer:-190;;
#steer:-110;;
#steer:-140;;
#steer:-110;;
#steer:-50;;
#steer:-80;;
#steer:-30;;
#steer:-50;;
#steer:-40;;
#steer:30;;
#steer:-20;;
#steer:20;;
#steer:0;;
#steer:70;;
#steer:80;;
#steer:170;;
#steer:160;;
#steer:170;;
#steer:140;;
#steer:160;;
#steer:250;;
#steer:150;;
#steer:130;;
#steer:70;;
#steer:100;;
#steer:-30;;
#steer:-60;;
#steer:-130;;
#steer:-10;;
#steer:60;;
#steer:-60;;
#steer:-250;;
#steer:250;;
#steer:40;;
#steer:250;;
#steer:-250;;
#steer:-110;;
#steer:250;;
#steer:-250;;
#steer:-110;;
#steer:-250;;
#steer:250;;
#steer:10;;
#steer:-150;;
#steer:-100;;
#steer:-120;;
#steer:-60;;
#steer:-20;;
#steer:-60;;
#steer:-250;;
#steer:-180;;
#steer:-250;;
#steer:-190;;
#steer:-160;;
#steer:-250;;
#steer:250;;
#steer:-250;;
#steer:250;;
#steer:-50;;
#steer:0;;
#steer:-250;;
#steer:250;;
#steer:70;;
#steer:250;;
#steer:-250;;
#steer:-130;;
#steer:-160;;
#steer:-210;;
#steer:-60;;
#steer:250;;
#steer:-250;;
#steer:90;;
#steer:110;;
#steer:-30;;
#steer:0;;
#steer:20;;
#steer:-90;;
#steer:-180;;
#steer:250;;
#steer:60;;
#steer:250;;
#steer:200;;
#steer:60;;
#steer:250;;
#steer:230;;
#steer:250;;
#steer:-250;;
#steer:250;;
#steer:-90;;
#steer:250;;
#steer:200;;
#steer:250;;
#steer:-250;;
#steer:250;;
#steer:150;;
#steer:250;;
#steer:-250;;
#steer:250;;
#steer:-250;;
#steer:80;;
#steer:-250;;
#steer:-220;;
#steer:250;;
#steer:180;;
#steer:250;;
#steer:120;;
#steer:250;;
#steer:-250;;
#steer:120;;
#steer:110;;
#steer:250;;
#steer:-250;;
#steer:-180;;
#steer:250;;
#steer:50;;
#steer:250;;
#steer:-230;;
#steer:250;;
#steer:60;;
#steer:250;;
#steer:-250;;
#steer:250;;
#steer:-40;;
#steer:140;;
#steer:-220;;
#steer:140;;
#steer:160;;
#steer:250;;
#steer:180;;
#steer:170;;
#steer:190;;
#steer:10;;
#steer:130;;
#steer:120;;
#steer:210;;
#steer:250;;
#steer:90;;
#steer:250;;
#steer:180;;
#steer:250;;
#steer:150;;
#steer:-10;;
#steer:120;;
#steer:-250;;
#steer:130;;
#steer:-70;;
#steer:-30;;
#steer:-10;;
#steer:120;;
#steer:40;;
#steer:20;;
#steer:30;;
#steer:-250;;
#steer:-10;;
#steer:250;;
#steer:-130;;
#steer:-100;;
#steer:-50;;
#steer:-130;;
#steer:-60;;
#steer:-150;;
#steer:-100;;
#steer:-120;;
#steer:-70;;
#steer:-130;;
#steer:-120;;
#steer:-60;;
#steer:-90;;
#steer:-30;;
#steer:0;;
#steer:-100;;
#steer:-80;;
#steer:-100;;
#steer:-110;;
#steer:-90;;
#steer:-30;;
#steer:-100;;
#steer:-40;;
#steer:-50;;
#steer:-150;;
#steer:-110;;
#steer:-10;;
#steer:-70;;
#steer:-30;;
#steer:-250;;
#steer:-160;;
#steer:-240;;
#steer:-160;;
#steer:-20;;
#steer:-220;;
#steer:-180;;
#steer:-200;;
#steer:-130;;
#steer:-160;;
#steer:250;;
#steer:-50;;
#steer:-250;;
#steer:-200;;
#steer:250;;
#steer:-180;;
#steer:-250;;
#steer:-220;;
#steer:250;;
#steer:-170;;
#steer:-150;;
#steer:-70;;
#steer:-100;;
#steer:-70;;
#steer:-30;;
#steer:-70;;
#steer:-160;;
#steer:-170;;
#steer:-200;;
#steer:-150;;
#steer:-250;;
#steer:-180;;
#steer:-30;;
#steer:-180;;
#steer:-80;;
#steer:-90;;
#steer:-70;;
#steer:-120;;
#steer:-250;;
#steer:-240;;
#steer:-250;;
#steer:-210;;
#steer:180;;
#steer:-230;;
#steer:-250;;
#steer:-210;;
#steer:-250;;
#steer:-220;;
#steer:-210;;
#steer:-200;;
#steer:-210;;
#steer:-250;;
#steer:-200;;
#steer:-180;;
#steer:-230;;
#steer:-250;;
#steer:-100;;
#steer:-250;;
#steer:250;;
#steer:-200;;
#steer:-250;;
#steer:-190;;
#steer:-140;;
#steer:-200;;
#steer:-120;;
#steer:-210;;
#steer:-230;;
#steer:-210;;
#steer:-220;;
#steer:-190;;
#steer:-170;;
#steer:-200;;
#steer:-180;;
#steer:-210;;
#steer:-50;;
#steer:-200;;
#steer:-250;;
#steer:-180;;
#steer:-210;;
#steer:-180;;
#steer:-150;;
#steer:-210;;
#steer:-220;;
#steer:-210;;
#steer:-130;;
#steer:-220;;
#steer:-250;;
#steer:160;;
#steer:-250;;
#steer:130;;
#steer:-210;;
#steer:-250;;
#steer:250;;
#steer:-220;;
#steer:-250;;
#steer:250;;
#steer:-160;;
#steer:-250;;
#steer:-160;;
#steer:150;;
#steer:-180;;
#steer:-170;;
#steer:-180;;
#steer:250;;
#steer:-160;;
#steer:-250;;
#steer:-170;;
#steer:-220;;
#steer:-170;;
#steer:250;;
#steer:120;;
#steer:250;;
#steer:210;;
#steer:-250;;
#steer:250;;
#steer:-250;;
#steer:-20;;
#steer:-190;;
#steer:250;;
#steer:-20;;
#steer:-250;;
#steer:-200;;
#steer:250;;
